<?xml version="1.0" encoding="UTF-8"?>
<!-- Generated by org.testng.reporters.JUnitXMLReporter -->
<testsuite ignored="0" hostname="DESKTOP-L37KK2L" failures="0" tests="2" name="inetHome Test(failed)" time="33.277" errors="0" timestamp="2021-07-09T01:29:29 IST">
  <testcase classname="com.inetHome.TestCases1.TC_AddCustomerTest_003" name="addNewCustomer" time="18.213"/>
  <testcase classname="com.inetHome.TestCases1.TC_LoginTest_001" name="loginTest" time="4.251"/>
</testsuite> <!-- inetHome Test(failed) -->
