<?xml version="1.0" encoding="UTF-8"?>
<testng-results ignored="0" total="2" passed="2" failed="0" skipped="0">
  <reporter-output>
  </reporter-output>
  <suite started-at="2021-07-09T01:55:03 IST" name="inetHome" finished-at="2021-07-09T01:55:37 IST" duration-ms="33609">
    <groups>
    </groups>
    <test started-at="2021-07-09T01:55:03 IST" name="inetHome Test" finished-at="2021-07-09T01:55:37 IST" duration-ms="33609">
      <class name="com.inetHome.TestCases1.TC_LoginTest_001">
        <test-method is-config="true" signature="setup(java.lang.String)[pri:0, instance:com.inetHome.TestCases1.TC_LoginTest_001@5a45133e]" started-at="2021-07-09T01:55:04 IST" name="setup" finished-at="2021-07-09T01:55:10 IST" duration-ms="6215" status="PASS">
          <params>
            <param index="0">
              <value>
                <![CDATA[chrome]]>
              </value>
            </param>
          </params>
          <reporter-output>
          </reporter-output>
        </test-method> <!-- setup -->
        <test-method signature="loginTest()[pri:0, instance:com.inetHome.TestCases1.TC_LoginTest_001@5a45133e]" started-at="2021-07-09T01:55:10 IST" name="loginTest" finished-at="2021-07-09T01:55:14 IST" duration-ms="4418" status="PASS">
          <reporter-output>
          </reporter-output>
        </test-method> <!-- loginTest -->
        <test-method is-config="true" signature="tearDown()[pri:0, instance:com.inetHome.TestCases1.TC_LoginTest_001@5a45133e]" started-at="2021-07-09T01:55:14 IST" name="tearDown" finished-at="2021-07-09T01:55:15 IST" duration-ms="750" status="PASS">
          <reporter-output>
          </reporter-output>
        </test-method> <!-- tearDown -->
      </class> <!-- com.inetHome.TestCases1.TC_LoginTest_001 -->
      <class name="com.inetHome.TestCases1.TC_AddCustomerTest_003">
        <test-method is-config="true" signature="setup(java.lang.String)[pri:0, instance:com.inetHome.TestCases1.TC_AddCustomerTest_003@2e3967ea]" started-at="2021-07-09T01:55:15 IST" name="setup" finished-at="2021-07-09T01:55:18 IST" duration-ms="3114" status="PASS">
          <params>
            <param index="0">
              <value>
                <![CDATA[chrome]]>
              </value>
            </param>
          </params>
          <reporter-output>
          </reporter-output>
        </test-method> <!-- setup -->
        <test-method signature="addNewCustomer()[pri:0, instance:com.inetHome.TestCases1.TC_AddCustomerTest_003@2e3967ea]" started-at="2021-07-09T01:55:18 IST" name="addNewCustomer" finished-at="2021-07-09T01:55:36 IST" duration-ms="17973" status="PASS">
          <reporter-output>
          </reporter-output>
        </test-method> <!-- addNewCustomer -->
        <test-method is-config="true" signature="tearDown()[pri:0, instance:com.inetHome.TestCases1.TC_AddCustomerTest_003@2e3967ea]" started-at="2021-07-09T01:55:36 IST" name="tearDown" finished-at="2021-07-09T01:55:37 IST" duration-ms="745" status="PASS">
          <reporter-output>
          </reporter-output>
        </test-method> <!-- tearDown -->
      </class> <!-- com.inetHome.TestCases1.TC_AddCustomerTest_003 -->
    </test> <!-- inetHome Test -->
  </suite> <!-- inetHome -->
</testng-results>
