<?xml version="1.0" encoding="UTF-8"?>
<testng-results ignored="0" total="2" passed="2" failed="0" skipped="0">
  <reporter-output>
  </reporter-output>
  <suite started-at="2021-07-05T18:19:14 IST" name="inetHome" finished-at="2021-07-05T18:19:46 IST" duration-ms="32458">
    <groups>
    </groups>
    <test started-at="2021-07-05T18:19:14 IST" name="inetHome Test" finished-at="2021-07-05T18:19:46 IST" duration-ms="32458">
      <class name="com.inetHome.TestCases1.TC_LoginTest_001">
        <test-method is-config="true" signature="setup(java.lang.String)[pri:0, instance:com.inetHome.TestCases1.TC_LoginTest_001@5a45133e]" started-at="2021-07-05T18:19:14 IST" name="setup" finished-at="2021-07-05T18:19:19 IST" duration-ms="5365" status="PASS">
          <params>
            <param index="0">
              <value>
                <![CDATA[chrome]]>
              </value>
            </param>
          </params>
          <reporter-output>
          </reporter-output>
        </test-method> <!-- setup -->
        <test-method signature="loginTest()[pri:0, instance:com.inetHome.TestCases1.TC_LoginTest_001@5a45133e]" started-at="2021-07-05T18:19:19 IST" name="loginTest" finished-at="2021-07-05T18:19:24 IST" duration-ms="4629" status="PASS">
          <reporter-output>
          </reporter-output>
        </test-method> <!-- loginTest -->
        <test-method is-config="true" signature="tearDown()[pri:0, instance:com.inetHome.TestCases1.TC_LoginTest_001@5a45133e]" started-at="2021-07-05T18:19:24 IST" name="tearDown" finished-at="2021-07-05T18:19:25 IST" duration-ms="759" status="PASS">
          <reporter-output>
          </reporter-output>
        </test-method> <!-- tearDown -->
      </class> <!-- com.inetHome.TestCases1.TC_LoginTest_001 -->
      <class name="com.inetHome.TestCases1.TC_AddCustomerTest_003">
        <test-method is-config="true" signature="setup(java.lang.String)[pri:0, instance:com.inetHome.TestCases1.TC_AddCustomerTest_003@2e3967ea]" started-at="2021-07-05T18:19:25 IST" name="setup" finished-at="2021-07-05T18:19:28 IST" duration-ms="3171" status="PASS">
          <params>
            <param index="0">
              <value>
                <![CDATA[chrome]]>
              </value>
            </param>
          </params>
          <reporter-output>
          </reporter-output>
        </test-method> <!-- setup -->
        <test-method signature="addNewCustomer()[pri:0, instance:com.inetHome.TestCases1.TC_AddCustomerTest_003@2e3967ea]" started-at="2021-07-05T18:19:28 IST" name="addNewCustomer" finished-at="2021-07-05T18:19:45 IST" duration-ms="17498" status="PASS">
          <reporter-output>
          </reporter-output>
        </test-method> <!-- addNewCustomer -->
        <test-method is-config="true" signature="tearDown()[pri:0, instance:com.inetHome.TestCases1.TC_AddCustomerTest_003@2e3967ea]" started-at="2021-07-05T18:19:45 IST" name="tearDown" finished-at="2021-07-05T18:19:46 IST" duration-ms="684" status="PASS">
          <reporter-output>
          </reporter-output>
        </test-method> <!-- tearDown -->
      </class> <!-- com.inetHome.TestCases1.TC_AddCustomerTest_003 -->
    </test> <!-- inetHome Test -->
  </suite> <!-- inetHome -->
</testng-results>
