<?xml version="1.0" encoding="UTF-8"?>
<testng-results ignored="0" total="1" passed="1" failed="0" skipped="0">
  <reporter-output>
  </reporter-output>
  <suite started-at="2021-07-09T01:34:40 IST" name="inetHome" finished-at="2021-07-09T01:34:52 IST" duration-ms="11605">
    <groups>
    </groups>
    <test started-at="2021-07-09T01:34:40 IST" name="inetHome Test" finished-at="2021-07-09T01:34:52 IST" duration-ms="11605">
      <class name="com.inetHome.TestCases1.TC_LoginTest_001">
        <test-method is-config="true" signature="setup(java.lang.String)[pri:0, instance:com.inetHome.TestCases1.TC_LoginTest_001@53fe15ff]" started-at="2021-07-09T01:34:41 IST" name="setup" finished-at="2021-07-09T01:34:47 IST" duration-ms="5770" status="PASS">
          <params>
            <param index="0">
              <value>
                <![CDATA[chrome]]>
              </value>
            </param>
          </params>
          <reporter-output>
          </reporter-output>
        </test-method> <!-- setup -->
        <test-method signature="loginTest()[pri:0, instance:com.inetHome.TestCases1.TC_LoginTest_001@53fe15ff]" started-at="2021-07-09T01:34:47 IST" name="loginTest" finished-at="2021-07-09T01:34:51 IST" duration-ms="4522" status="PASS">
          <reporter-output>
          </reporter-output>
        </test-method> <!-- loginTest -->
        <test-method is-config="true" signature="tearDown()[pri:0, instance:com.inetHome.TestCases1.TC_LoginTest_001@53fe15ff]" started-at="2021-07-09T01:34:51 IST" name="tearDown" finished-at="2021-07-09T01:34:52 IST" duration-ms="829" status="PASS">
          <reporter-output>
          </reporter-output>
        </test-method> <!-- tearDown -->
      </class> <!-- com.inetHome.TestCases1.TC_LoginTest_001 -->
    </test> <!-- inetHome Test -->
  </suite> <!-- inetHome -->
</testng-results>
